SF:lib/modules/feed/dao/likes_dao_sqflite_impl.dart
DA:9,1
DA:11,1
DA:13,3
DA:17,1
DA:19,2
DA:22,3
DA:26,1
DA:28,2
DA:30,1
DA:32,1
DA:34,4
LF:11
LH:11
end_of_record
SF:lib/modules/feed/dao/post_dao_sqflite_impl.dart
DA:9,1
DA:11,1
DA:14,2
DA:15,5
DA:18,1
DA:20,3
DA:24,1
DA:26,2
DA:29,1
DA:33,1
DA:35,2
DA:37,1
DA:39,2
LF:13
LH:13
end_of_record
SF:lib/modules/feed/repositories/likes_repository.dart
DA:7,1
DA:10,1
DA:11,2
DA:14,1
DA:15,2
DA:18,1
DA:19,2
LF:7
LH:7
end_of_record
SF:lib/modules/feed/repositories/post_repository.dart
DA:7,1
DA:9,1
DA:10,2
DA:13,1
DA:14,2
DA:17,1
DA:18,2
DA:21,1
DA:22,2
LF:9
LH:9
end_of_record
SF:lib/modules/feed/services/likes_service.dart
DA:8,1
DA:13,1
DA:14,2
DA:15,1
DA:16,1
DA:18,1
DA:22,1
DA:23,2
DA:24,1
DA:27,1
DA:28,2
DA:29,1
LF:12
LH:12
end_of_record
SF:lib/modules/media_picker/services/media_handler_service.dart
DA:8,1
DA:10,1
DA:11,2
DA:14,1
DA:15,1
DA:16,1
LF:6
LH:6
end_of_record
SF:lib/modules/media_picker/wrappers/gallery_picker_wrapper.dart
DA:5,0
DA:6,0
DA:10,0
LF:3
LH:0
end_of_record
SF:lib/modules/shared_preferences/wrappers/shared_preferences_wrapper.dart
DA:8,0
DA:10,0
DA:11,0
DA:14,0
DA:15,0
LF:5
LH:0
end_of_record
SF:lib/modules/theme/repositories/theme_repository.dart
DA:8,1
DA:12,1
DA:13,2
DA:16,1
DA:17,2
LF:5
LH:5
end_of_record
SF:lib/shared/utils/helpers/uuid_generator.dart
DA:6,0
LF:1
LH:0
end_of_record
SF:lib/modules/feed/models/like_data.dart
DA:6,3
LF:1
LH:1
end_of_record
SF:lib/modules/feed/models/like_dto.dart
DA:11,3
DA:13,0
DA:15,2
LF:3
LH:2
end_of_record
SF:lib/modules/feed/models/like_dto.g.dart
DA:9,0
DA:10,0
DA:11,0
DA:14,2
DA:15,1
DA:16,1
LF:6
LH:3
end_of_record
SF:lib/modules/feed/models/post_dto.dart
DA:15,5
DA:23,1
DA:24,1
DA:26,2
DA:28,0
DA:29,0
DA:31,0
DA:32,0
DA:33,0
DA:35,0
LF:10
LH:4
end_of_record
SF:lib/modules/feed/models/post_dto.g.dart
DA:9,2
DA:10,1
DA:11,1
DA:12,1
DA:13,1
DA:14,2
DA:17,2
DA:18,1
DA:19,1
DA:20,1
DA:21,1
DA:22,1
LF:12
LH:12
end_of_record
SF:lib/app/db/sintez_sql_db.dart
DA:8,0
DA:9,0
DA:10,0
DA:13,0
DA:14,0
DA:23,0
DA:38,0
DA:40,0
DA:41,0
LF:9
LH:0
end_of_record
SF:lib/modules/theme/enums/app_theme.dart
DA:13,0
DA:15,0
DA:16,0
DA:17,0
DA:18,0
LF:5
LH:0
end_of_record
SF:lib/modules/theme/stores/theme_store.dart
DA:15,1
DA:16,1
DA:19,1
DA:21,3
DA:22,1
DA:25,1
DA:26,1
DA:31,1
DA:33,4
LF:9
LH:9
end_of_record
SF:lib/modules/theme/stores/theme_store.g.dart
DA:14,1
DA:16,4
DA:18,1
DA:20,1
DA:21,2
DA:23,1
DA:25,2
DA:26,1
DA:29,1
DA:31,4
DA:32,1
DA:36,1
DA:37,2
DA:39,1
DA:41,1
DA:42,3
DA:45,1
DA:46,2
DA:48,1
DA:50,2
DA:53,1
DA:55,2
DA:59,0
DA:62,0
DA:63,0
LF:25
LH:22
end_of_record
SF:lib/modules/theme/ui/theme_styles.dart
DA:5,0
DA:6,0
LF:2
LH:0
end_of_record
SF:lib/modules/theme/extensions/app_theme_string_extension.dart
DA:4,1
DA:5,2
DA:6,2
LF:3
LH:3
end_of_record
SF:lib/modules/feed/view_models/feed_list_item_vm.dart
DA:17,2
DA:18,2
DA:24,1
DA:25,1
DA:30,1
DA:31,3
DA:33,1
DA:36,2
DA:37,4
DA:39,4
DA:41,1
DA:43,0
DA:48,2
DA:50,2
DA:52,10
DA:54,0
DA:57,2
LF:17
LH:15
end_of_record
SF:lib/modules/feed/view_models/feed_list_item_vm.g.dart
DA:14,1
DA:16,4
DA:18,1
DA:21,1
DA:22,2
DA:23,2
DA:25,1
DA:27,2
DA:28,4
DA:30,1
DA:32,2
DA:33,1
DA:36,2
DA:38,8
DA:39,2
DA:43,2
DA:44,4
DA:46,1
DA:48,2
DA:49,1
DA:52,2
DA:54,8
DA:55,2
DA:59,1
DA:60,2
DA:62,1
DA:64,4
DA:67,2
DA:68,4
DA:70,2
DA:72,8
DA:75,0
DA:78,0
DA:79,0
DA:80,0
DA:81,0
LF:36
LH:31
end_of_record
SF:lib/shared/utils/helpers/format_check.dart
DA:2,2
DA:4,6
DA:5,2
DA:6,2
DA:7,2
DA:8,2
DA:9,2
DA:10,2
DA:11,2
DA:12,2
DA:13,2
LF:11
LH:11
end_of_record
SF:lib/shared/utils/logger/logger.dart
DA:4,0
DA:5,0
LF:2
LH:0
end_of_record
SF:lib/modules/feed/view_models/post_creation_page_vm.g.dart
DA:12,1
DA:13,2
DA:15,1
DA:17,2
DA:18,1
DA:21,1
DA:23,4
DA:24,1
DA:28,1
DA:29,2
DA:31,1
DA:33,4
DA:36,0
DA:39,0
DA:40,0
LF:15
LH:12
end_of_record
SF:lib/modules/feed/view_models/post_creation_page_vm.dart
DA:25,1
DA:38,3
DA:40,0
DA:42,0
DA:43,0
DA:44,0
DA:52,1
DA:53,1
DA:54,1
DA:56,2
DA:57,1
DA:59,2
DA:60,2
DA:61,2
DA:62,1
DA:64,2
DA:65,2
DA:67,0
DA:72,1
DA:75,2
DA:76,3
DA:78,0
LF:22
LH:16
end_of_record
SF:lib/shared/utils/validators/form_validation_util.dart
DA:2,0
DA:3,0
LF:2
LH:0
end_of_record
SF:lib/modules/feed/view_models/feed_page_vm.g.dart
DA:14,1
DA:16,4
DA:18,1
DA:21,1
DA:23,4
DA:25,1
DA:27,1
DA:28,2
DA:30,1
DA:32,2
DA:33,1
DA:36,1
DA:38,4
DA:39,1
DA:43,1
DA:44,2
DA:46,1
DA:48,2
DA:49,1
DA:52,1
DA:54,4
DA:55,1
DA:59,1
DA:60,2
DA:62,1
DA:64,4
DA:67,0
DA:70,0
DA:71,0
DA:72,0
LF:30
LH:26
end_of_record
SF:lib/modules/feed/view_models/feed_page_vm.dart
DA:19,1
DA:23,1
DA:26,1
DA:27,1
DA:32,1
DA:33,1
DA:38,1
DA:40,1
DA:42,3
DA:44,0
DA:47,1
DA:51,1
DA:52,2
DA:55,1
DA:56,2
LF:15
LH:14
end_of_record
